1620071846945	geckodriver	INFO	Listening on 127.0.0.1:58984
1620071849698	mozrunner::runner	INFO	Running command: "/Applications/Firefox.app/Contents/MacOS/firefox-bin" "--marionette" "-foreground" "-no-remote" "-profile" "/var/folders/j4/0lyj_5015w9f6sk758wq0kgc0000gn/T/rust_mozprofileeJ4hbI"
1620071878149	Marionette	INFO	Marionette enabled
Exiting due to channel error.
1620072304860	geckodriver	INFO	Listening on 127.0.0.1:59675
1620072307466	mozrunner::runner	INFO	Running command: "/Applications/Firefox.app/Contents/MacOS/firefox-bin" "--marionette" "-foreground" "-no-remote" "-profile" "/var/folders/j4/0lyj_5015w9f6sk758wq0kgc0000gn/T/rust_mozprofileAxTq28"
1620072321457	Marionette	INFO	Marionette enabled
1620073383375	geckodriver	INFO	Listening on 127.0.0.1:60710
1620073384661	mozrunner::runner	INFO	Running command: "/Applications/Firefox.app/Contents/MacOS/firefox-bin" "--marionette" "-foreground" "-no-remote" "-profile" "/var/folders/j4/0lyj_5015w9f6sk758wq0kgc0000gn/T/rust_mozprofileISvUIz"
1620073466496	geckodriver	INFO	Listening on 127.0.0.1:60858
1620073468516	mozrunner::runner	INFO	Running command: "/Applications/Firefox.app/Contents/MacOS/firefox-bin" "--marionette" "-foreground" "-no-remote" "-profile" "/var/folders/j4/0lyj_5015w9f6sk758wq0kgc0000gn/T/rust_mozprofileWtV58U"
1620073475141	Marionette	INFO	Marionette enabled
JavaScript error: resource://gre/modules/AsyncShutdown.jsm, line 575: uncaught exception: Object

###!!! [Parent][RunMessage] Error: Channel closing: too late to send/recv, messages will be lost

1620073542231	geckodriver	INFO	Listening on 127.0.0.1:60993
1620073544366	mozrunner::runner	INFO	Running command: "/Applications/Firefox.app/Contents/MacOS/firefox-bin" "--marionette" "-foreground" "-no-remote" "-profile" "/var/folders/j4/0lyj_5015w9f6sk758wq0kgc0000gn/T/rust_mozprofile2Bd8Cm"
1620073610673	geckodriver	INFO	Listening on 127.0.0.1:61098
1620073611955	mozrunner::runner	INFO	Running command: "/Applications/Firefox.app/Contents/MacOS/firefox-bin" "--marionette" "-foreground" "-no-remote" "-profile" "/var/folders/j4/0lyj_5015w9f6sk758wq0kgc0000gn/T/rust_mozprofileAU1iaI"
1620073621520	Marionette	INFO	Marionette enabled
1620628751756	geckodriver	INFO	Listening on 127.0.0.1:49517
1620628754872	mozrunner::runner	INFO	Running command: "/Applications/Firefox.app/Contents/MacOS/firefox-bin" "--marionette" "-foreground" "-no-remote" "-profile" "/var/folders/j4/0lyj_5015w9f6sk758wq0kgc0000gn/T/rust_mozprofilesepj9H"
1620628782590	Marionette	INFO	Marionette enabled
console.warn: SearchSettings: "get: No settings file exists, new profile?" (new Error("", "(unknown module)"))
console.error: Region.jsm: "Error fetching region" (new TypeError("NetworkError when attempting to fetch resource.", ""))
console.error: Region.jsm: "Failed to fetch region" (new Error("NO_RESULT", "resource://gre/modules/Region.jsm", 419))
1620628808518	Marionette	INFO	Listening on port 49524
1620628808873	Marionette	WARN	TLS certificate errors will be ignored for this session
JavaScript error: http://127.0.0.1:8000/static/help/js/template.js, line 1: ReferenceError: jQuery is not defined
JavaScript error: http://127.0.0.1:8000/static/help/js/template.js, line 1: ReferenceError: jQuery is not defined
1620628816752	Marionette	INFO	Stopped listening on port 49524

###!!! [Parent][RunMessage] Error: Channel closing: too late to send/recv, messages will be lost

1620629042874	geckodriver	INFO	Listening on 127.0.0.1:50046
1620629044166	mozrunner::runner	INFO	Running command: "/Applications/Firefox.app/Contents/MacOS/firefox-bin" "--marionette" "-foreground" "-no-remote" "-profile" "/var/folders/j4/0lyj_5015w9f6sk758wq0kgc0000gn/T/rust_mozprofileFr9TeR"
1620629055684	Marionette	INFO	Marionette enabled
console.error: Region.jsm: "Error fetching region" (new TypeError("NetworkError when attempting to fetch resource.", ""))
console.error: Region.jsm: "Failed to fetch region" (new Error("NO_RESULT", "resource://gre/modules/Region.jsm", 419))
console.warn: SearchSettings: "get: No settings file exists, new profile?" (new Error("", "(unknown module)"))
1620629065111	Marionette	INFO	Listening on port 50053
1620629065225	Marionette	WARN	TLS certificate errors will be ignored for this session
JavaScript error: http://127.0.0.1:8000/static/help/js/template.js, line 1: ReferenceError: jQuery is not defined
JavaScript error: http://127.0.0.1:8000/static/help/js/template.js, line 1: ReferenceError: jQuery is not defined
1620629071823	Marionette	INFO	Stopped listening on port 50053

###!!! [Parent][RunMessage] Error: Channel closing: too late to send/recv, messages will be lost

1621460211336	geckodriver	INFO	Listening on 127.0.0.1:51209
1621460213770	mozrunner::runner	INFO	Running command: "/Applications/Firefox.app/Contents/MacOS/firefox-bin" "--marionette" "-foreground" "-no-remote" "-profile" "/var/folders/j4/0lyj_5015w9f6sk758wq0kgc0000gn/T/rust_mozprofileo7YR09"
1621460220412	Marionette	INFO	Marionette enabled
console.warn: SearchSettings: "get: No settings file exists, new profile?" (new Error("", "(unknown module)"))
1621460228771	Marionette	INFO	Listening on port 51220
1621460228992	Marionette	WARN	TLS certificate errors will be ignored for this session
1621460230089	Marionette	INFO	Stopped listening on port 51220

###!!! [Parent][RunMessage] Error: Channel closing: too late to send/recv, messages will be lost

1621717796220	geckodriver	INFO	Listening on 127.0.0.1:59134
1621717801678	mozrunner::runner	INFO	Running command: "/Applications/Firefox.app/Contents/MacOS/firefox-bin" "--marionette" "-foreground" "-no-remote" "-profile" "/var/folders/j4/0lyj_5015w9f6sk758wq0kgc0000gn/T/rust_mozprofileXx3WBB"
1621718363933	geckodriver	INFO	Listening on 127.0.0.1:59379
1621718366248	mozrunner::runner	INFO	Running command: "/Applications/Firefox.app/Contents/MacOS/firefox-bin" "--marionette" "-foreground" "-no-remote" "-profile" "/var/folders/j4/0lyj_5015w9f6sk758wq0kgc0000gn/T/rust_mozprofileqPTpPK"
1621718377127	Marionette	INFO	Marionette enabled
console.warn: SearchSettings: "get: No settings file exists, new profile?" (new Error("", "(unknown module)"))
1621718385885	Marionette	INFO	Listening on port 59387
1621718386000	Marionette	WARN	TLS certificate errors will be ignored for this session
1621718386781	Marionette	INFO	Stopped listening on port 59387
JavaScript error: resource://gre/modules/UrlClassifierListManager.jsm, line 691: TypeError: this.tablesData[table] is undefined

###!!! [Parent][RunMessage] Error: Channel closing: too late to send/recv, messages will be lost

1621718418141	geckodriver	INFO	Listening on 127.0.0.1:59613
1621718420411	mozrunner::runner	INFO	Running command: "/Applications/Firefox.app/Contents/MacOS/firefox-bin" "--marionette" "-foreground" "-no-remote" "-profile" "/var/folders/j4/0lyj_5015w9f6sk758wq0kgc0000gn/T/rust_mozprofileXUrUsb"
1621718424725	Marionette	INFO	Marionette enabled
console.warn: SearchSettings: "get: No settings file exists, new profile?" (new Error("", "(unknown module)"))
1621718431820	Marionette	INFO	Listening on port 59622
1621718432004	Marionette	WARN	TLS certificate errors will be ignored for this session
1621718433148	Marionette	INFO	Stopped listening on port 59622

###!!! [Parent][RunMessage] Error: Channel closing: too late to send/recv, messages will be lost

1621718470203	geckodriver	INFO	Listening on 127.0.0.1:59769
1621718472955	mozrunner::runner	INFO	Running command: "/Applications/Firefox.app/Contents/MacOS/firefox-bin" "--marionette" "-foreground" "-no-remote" "-profile" "/var/folders/j4/0lyj_5015w9f6sk758wq0kgc0000gn/T/rust_mozprofilegiP3Q8"
1621718479215	Marionette	INFO	Marionette enabled
console.warn: SearchSettings: "get: No settings file exists, new profile?" (new Error("", "(unknown module)"))
1621718490737	Marionette	INFO	Listening on port 59778
1621718491025	Marionette	WARN	TLS certificate errors will be ignored for this session
1621718492675	Marionette	INFO	Stopped listening on port 59778
1621718524694	geckodriver	INFO	Listening on 127.0.0.1:59990
1621718526757	mozrunner::runner	INFO	Running command: "/Applications/Firefox.app/Contents/MacOS/firefox-bin" "--marionette" "-foreground" "-no-remote" "-profile" "/var/folders/j4/0lyj_5015w9f6sk758wq0kgc0000gn/T/rust_mozprofilegjoWKt"
1621718530480	Marionette	INFO	Marionette enabled
console.warn: SearchSettings: "get: No settings file exists, new profile?" (new Error("", "(unknown module)"))
1621718536569	Marionette	INFO	Listening on port 59997
1621718536681	Marionette	WARN	TLS certificate errors will be ignored for this session
1621718537513	Marionette	INFO	Stopped listening on port 59997

###!!! [Parent][MessageChannel] Error: (msgtype=0x1F0011,name=PBackgroundStorage::Msg_Observe) Channel error: cannot send/recv


###!!! [Parent][MessageChannel] Error: (msgtype=0x1F0011,name=PBackgroundStorage::Msg_Observe) Channel error: cannot send/recv


###!!! [Parent][MessageChannel] Error: (msgtype=0x1F0011,name=PBackgroundStorage::Msg_Observe) Channel error: cannot send/recv


###!!! [Parent][MessageChannel] Error: (msgtype=0x1F0011,name=PBackgroundStorage::Msg_Observe) Channel error: cannot send/recv


###!!! [Parent][RunMessage] Error: Channel closing: too late to send/recv, messages will be lost

1621718579683	geckodriver	INFO	Listening on 127.0.0.1:60134
1621718581780	mozrunner::runner	INFO	Running command: "/Applications/Firefox.app/Contents/MacOS/firefox-bin" "--marionette" "-foreground" "-no-remote" "-profile" "/var/folders/j4/0lyj_5015w9f6sk758wq0kgc0000gn/T/rust_mozprofile9XoN63"
1621718585513	Marionette	INFO	Marionette enabled
console.warn: SearchSettings: "get: No settings file exists, new profile?" (new Error("", "(unknown module)"))
1621718591188	Marionette	INFO	Listening on port 60141
1621718591341	Marionette	WARN	TLS certificate errors will be ignored for this session
1621718592520	Marionette	INFO	Stopped listening on port 60141
1621804088105	geckodriver	INFO	Listening on 127.0.0.1:62510
1621804089717	mozrunner::runner	INFO	Running command: "/Applications/Firefox.app/Contents/MacOS/firefox-bin" "--marionette" "-foreground" "-no-remote" "-profile" "/var/folders/j4/0lyj_5015w9f6sk758wq0kgc0000gn/T/rust_mozprofilegqQRW4"
1621804095921	Marionette	INFO	Marionette enabled
console.warn: SearchSettings: "get: No settings file exists, new profile?" (new Error("", "(unknown module)"))
1621804105440	Marionette	INFO	Listening on port 62517
1621804105504	Marionette	WARN	TLS certificate errors will be ignored for this session
JavaScript warning: http://ajax.googleapis.com/ajax/libs/jquery/1.10.2/jquery.min.js, line 2: Using //@ to indicate sourceMappingURL pragmas is deprecated. Use //# instead
JavaScript warning: http://ajax.googleapis.com/ajax/libs/jquery/1.10.2/jquery.min.js, line 2: Using //@ to indicate sourceMappingURL pragmas is deprecated. Use //# instead
JavaScript warning: http://ajax.googleapis.com/ajax/libs/jquery/1.10.2/jquery.min.js, line 2: Using //@ to indicate sourceMappingURL pragmas is deprecated. Use //# instead
1621804118303	Marionette	INFO	Stopped listening on port 62517

###!!! [Parent][RunMessage] Error: Channel closing: too late to send/recv, messages will be lost

1621804175252	geckodriver	INFO	Listening on 127.0.0.1:62720
1621804177933	mozrunner::runner	INFO	Running command: "/Applications/Firefox.app/Contents/MacOS/firefox-bin" "--marionette" "-foreground" "-no-remote" "-profile" "/var/folders/j4/0lyj_5015w9f6sk758wq0kgc0000gn/T/rust_mozprofileemWLPo"
1621804182703	Marionette	INFO	Marionette enabled
console.warn: SearchSettings: "get: No settings file exists, new profile?" (new Error("", "(unknown module)"))
1621804188843	Marionette	INFO	Listening on port 62727
1621804189109	Marionette	WARN	TLS certificate errors will be ignored for this session
JavaScript warning: http://ajax.googleapis.com/ajax/libs/jquery/1.10.2/jquery.min.js, line 2: Using //@ to indicate sourceMappingURL pragmas is deprecated. Use //# instead
JavaScript warning: http://ajax.googleapis.com/ajax/libs/jquery/1.10.2/jquery.min.js, line 2: Using //@ to indicate sourceMappingURL pragmas is deprecated. Use //# instead
JavaScript warning: http://ajax.googleapis.com/ajax/libs/jquery/1.10.2/jquery.min.js, line 2: Using //@ to indicate sourceMappingURL pragmas is deprecated. Use //# instead
JavaScript warning: http://ajax.googleapis.com/ajax/libs/jquery/1.10.2/jquery.min.js, line 2: Using //@ to indicate sourceMappingURL pragmas is deprecated. Use //# instead
1621804205838	Marionette	INFO	Stopped listening on port 62727

###!!! [Parent][RunMessage] Error: Channel closing: too late to send/recv, messages will be lost

1621804887837	geckodriver	INFO	Listening on 127.0.0.1:63059
1621804888975	mozrunner::runner	INFO	Running command: "/Applications/Firefox.app/Contents/MacOS/firefox-bin" "--marionette" "-foreground" "-no-remote" "-profile" "/var/folders/j4/0lyj_5015w9f6sk758wq0kgc0000gn/T/rust_mozprofileKrhJeI"
1621804894534	Marionette	INFO	Marionette enabled
console.warn: SearchSettings: "get: No settings file exists, new profile?" (new Error("", "(unknown module)"))
1621804900286	Marionette	INFO	Listening on port 63064
1621804900460	Marionette	WARN	TLS certificate errors will be ignored for this session
JavaScript warning: http://ajax.googleapis.com/ajax/libs/jquery/1.10.2/jquery.min.js, line 2: Using //@ to indicate sourceMappingURL pragmas is deprecated. Use //# instead
JavaScript warning: http://ajax.googleapis.com/ajax/libs/jquery/1.10.2/jquery.min.js, line 2: Using //@ to indicate sourceMappingURL pragmas is deprecated. Use //# instead
JavaScript warning: http://ajax.googleapis.com/ajax/libs/jquery/1.10.2/jquery.min.js, line 2: Using //@ to indicate sourceMappingURL pragmas is deprecated. Use //# instead
JavaScript warning: http://ajax.googleapis.com/ajax/libs/jquery/1.10.2/jquery.min.js, line 2: Using //@ to indicate sourceMappingURL pragmas is deprecated. Use //# instead
1621804917997	Marionette	INFO	Stopped listening on port 63064

###!!! [Parent][RunMessage] Error: Channel closing: too late to send/recv, messages will be lost

1621804994449	geckodriver	INFO	Listening on 127.0.0.1:63224
1621804996770	mozrunner::runner	INFO	Running command: "/Applications/Firefox.app/Contents/MacOS/firefox-bin" "--marionette" "-foreground" "-no-remote" "-profile" "/var/folders/j4/0lyj_5015w9f6sk758wq0kgc0000gn/T/rust_mozprofilek2oNob"
1621805000467	Marionette	INFO	Marionette enabled
console.warn: SearchSettings: "get: No settings file exists, new profile?" (new Error("", "(unknown module)"))
1621805006372	Marionette	INFO	Listening on port 63232
1621805006459	Marionette	WARN	TLS certificate errors will be ignored for this session
JavaScript warning: http://ajax.googleapis.com/ajax/libs/jquery/1.10.2/jquery.min.js, line 2: Using //@ to indicate sourceMappingURL pragmas is deprecated. Use //# instead
JavaScript warning: http://ajax.googleapis.com/ajax/libs/jquery/1.10.2/jquery.min.js, line 2: Using //@ to indicate sourceMappingURL pragmas is deprecated. Use //# instead
JavaScript warning: http://ajax.googleapis.com/ajax/libs/jquery/1.10.2/jquery.min.js, line 2: Using //@ to indicate sourceMappingURL pragmas is deprecated. Use //# instead
JavaScript warning: http://ajax.googleapis.com/ajax/libs/jquery/1.10.2/jquery.min.js, line 2: Using //@ to indicate sourceMappingURL pragmas is deprecated. Use //# instead
1621805023215	Marionette	INFO	Stopped listening on port 63232

###!!! [Parent][MessageChannel] Error: (msgtype=0x1F0011,name=PBackgroundStorage::Msg_Observe) Channel error: cannot send/recv


###!!! [Parent][MessageChannel] Error: (msgtype=0x1F0011,name=PBackgroundStorage::Msg_Observe) Channel error: cannot send/recv


###!!! [Parent][RunMessage] Error: Channel closing: too late to send/recv, messages will be lost

1621805240922	geckodriver	INFO	Listening on 127.0.0.1:63398
1621805243424	mozrunner::runner	INFO	Running command: "/Applications/Firefox.app/Contents/MacOS/firefox-bin" "--marionette" "-foreground" "-no-remote" "-profile" "/var/folders/j4/0lyj_5015w9f6sk758wq0kgc0000gn/T/rust_mozprofile3nTNqS"
1621805248897	Marionette	INFO	Marionette enabled
console.warn: SearchSettings: "get: No settings file exists, new profile?" (new Error("", "(unknown module)"))
1621805260174	Marionette	INFO	Listening on port 63405
1621805260451	Marionette	WARN	TLS certificate errors will be ignored for this session
JavaScript warning: http://ajax.googleapis.com/ajax/libs/jquery/1.10.2/jquery.min.js, line 2: Using //@ to indicate sourceMappingURL pragmas is deprecated. Use //# instead
JavaScript warning: http://ajax.googleapis.com/ajax/libs/jquery/1.10.2/jquery.min.js, line 2: Using //@ to indicate sourceMappingURL pragmas is deprecated. Use //# instead
JavaScript warning: http://ajax.googleapis.com/ajax/libs/jquery/1.10.2/jquery.min.js, line 2: Using //@ to indicate sourceMappingURL pragmas is deprecated. Use //# instead
JavaScript warning: http://ajax.googleapis.com/ajax/libs/jquery/1.10.2/jquery.min.js, line 2: Using //@ to indicate sourceMappingURL pragmas is deprecated. Use //# instead
1621805278226	Marionette	INFO	Stopped listening on port 63405

###!!! [Parent][RunMessage] Error: Channel closing: too late to send/recv, messages will be lost

1621805383363	geckodriver	INFO	Listening on 127.0.0.1:63980
1621805389507	mozrunner::runner	INFO	Running command: "/Applications/Firefox.app/Contents/MacOS/firefox-bin" "--marionette" "-foreground" "-no-remote" "-profile" "/var/folders/j4/0lyj_5015w9f6sk758wq0kgc0000gn/T/rust_mozprofilemlw5cv"
1621805404175	Marionette	INFO	Marionette enabled
console.warn: SearchSettings: "get: No settings file exists, new profile?" (new Error("", "(unknown module)"))
1621805429231	Marionette	INFO	Listening on port 63995
1621805429503	Marionette	WARN	TLS certificate errors will be ignored for this session
JavaScript warning: http://ajax.googleapis.com/ajax/libs/jquery/1.10.2/jquery.min.js, line 2: Using //@ to indicate sourceMappingURL pragmas is deprecated. Use //# instead
JavaScript warning: http://ajax.googleapis.com/ajax/libs/jquery/1.10.2/jquery.min.js, line 2: Using //@ to indicate sourceMappingURL pragmas is deprecated. Use //# instead
JavaScript warning: http://ajax.googleapis.com/ajax/libs/jquery/1.10.2/jquery.min.js, line 2: Using //@ to indicate sourceMappingURL pragmas is deprecated. Use //# instead
JavaScript warning: http://ajax.googleapis.com/ajax/libs/jquery/1.10.2/jquery.min.js, line 2: Using //@ to indicate sourceMappingURL pragmas is deprecated. Use //# instead
1621805450084	Marionette	INFO	Stopped listening on port 63995
1621806169151	geckodriver	INFO	Listening on 127.0.0.1:64896
1621806175083	mozrunner::runner	INFO	Running command: "/Applications/Firefox.app/Contents/MacOS/firefox-bin" "--marionette" "-foreground" "-no-remote" "-profile" "/var/folders/j4/0lyj_5015w9f6sk758wq0kgc0000gn/T/rust_mozprofilef1IGIX"
1621806182008	Marionette	INFO	Marionette enabled
console.warn: SearchSettings: "get: No settings file exists, new profile?" (new Error("", "(unknown module)"))
1621806208604	Marionette	INFO	Listening on port 64901
1621806208979	Marionette	WARN	TLS certificate errors will be ignored for this session
JavaScript warning: http://ajax.googleapis.com/ajax/libs/jquery/1.10.2/jquery.min.js, line 2: Using //@ to indicate sourceMappingURL pragmas is deprecated. Use //# instead
JavaScript warning: http://ajax.googleapis.com/ajax/libs/jquery/1.10.2/jquery.min.js, line 2: Using //@ to indicate sourceMappingURL pragmas is deprecated. Use //# instead
JavaScript warning: http://ajax.googleapis.com/ajax/libs/jquery/1.10.2/jquery.min.js, line 2: Using //@ to indicate sourceMappingURL pragmas is deprecated. Use //# instead
JavaScript warning: http://ajax.googleapis.com/ajax/libs/jquery/1.10.2/jquery.min.js, line 2: Using //@ to indicate sourceMappingURL pragmas is deprecated. Use //# instead
1621806230622	Marionette	INFO	Stopped listening on port 64901

###!!! [Parent][RunMessage] Error: Channel closing: too late to send/recv, messages will be lost

1621883792458	geckodriver	INFO	Listening on 127.0.0.1:52324
1621883794977	mozrunner::runner	INFO	Running command: "/Applications/Firefox.app/Contents/MacOS/firefox-bin" "--marionette" "-foreground" "-no-remote" "-profile" "/var/folders/j4/0lyj_5015w9f6sk758wq0kgc0000gn/T/rust_mozprofile1dR8Lq"
1621883804251	Marionette	INFO	Marionette enabled
console.warn: SearchSettings: "get: No settings file exists, new profile?" (new Error("", "(unknown module)"))
1621883809975	Marionette	INFO	Listening on port 52338
1621883810144	Marionette	WARN	TLS certificate errors will be ignored for this session
JavaScript warning: http://ajax.googleapis.com/ajax/libs/jquery/1.10.2/jquery.min.js, line 2: Using //@ to indicate sourceMappingURL pragmas is deprecated. Use //# instead
JavaScript warning: http://ajax.googleapis.com/ajax/libs/jquery/1.10.2/jquery.min.js, line 2: Using //@ to indicate sourceMappingURL pragmas is deprecated. Use //# instead
JavaScript warning: http://ajax.googleapis.com/ajax/libs/jquery/1.10.2/jquery.min.js, line 2: Using //@ to indicate sourceMappingURL pragmas is deprecated. Use //# instead
JavaScript warning: http://ajax.googleapis.com/ajax/libs/jquery/1.10.2/jquery.min.js, line 2: Using //@ to indicate sourceMappingURL pragmas is deprecated. Use //# instead
1621883826921	Marionette	INFO	Stopped listening on port 52338
1621884174492	geckodriver	INFO	Listening on 127.0.0.1:52607
1621884176508	mozrunner::runner	INFO	Running command: "/Applications/Firefox.app/Contents/MacOS/firefox-bin" "--marionette" "-foreground" "-no-remote" "-profile" "/var/folders/j4/0lyj_5015w9f6sk758wq0kgc0000gn/T/rust_mozprofile8C4lWX"
1621884181147	Marionette	INFO	Marionette enabled
console.warn: SearchSettings: "get: No settings file exists, new profile?" (new Error("", "(unknown module)"))
1621884187218	Marionette	INFO	Listening on port 52614
1621884187374	Marionette	WARN	TLS certificate errors will be ignored for this session
JavaScript warning: http://ajax.googleapis.com/ajax/libs/jquery/1.10.2/jquery.min.js, line 2: Using //@ to indicate sourceMappingURL pragmas is deprecated. Use //# instead
JavaScript warning: http://ajax.googleapis.com/ajax/libs/jquery/1.10.2/jquery.min.js, line 2: Using //@ to indicate sourceMappingURL pragmas is deprecated. Use //# instead
JavaScript warning: http://ajax.googleapis.com/ajax/libs/jquery/1.10.2/jquery.min.js, line 2: Using //@ to indicate sourceMappingURL pragmas is deprecated. Use //# instead
JavaScript warning: http://ajax.googleapis.com/ajax/libs/jquery/1.10.2/jquery.min.js, line 2: Using //@ to indicate sourceMappingURL pragmas is deprecated. Use //# instead
1621884203904	Marionette	INFO	Stopped listening on port 52614

###!!! [Parent][RunMessage] Error: Channel closing: too late to send/recv, messages will be lost

1621884480990	geckodriver	INFO	Listening on 127.0.0.1:52817
1621884482240	mozrunner::runner	INFO	Running command: "/Applications/Firefox.app/Contents/MacOS/firefox-bin" "--marionette" "-foreground" "-no-remote" "-profile" "/var/folders/j4/0lyj_5015w9f6sk758wq0kgc0000gn/T/rust_mozprofilencaUrq"
1621884486047	Marionette	INFO	Marionette enabled
console.warn: SearchSettings: "get: No settings file exists, new profile?" (new Error("", "(unknown module)"))
1621884491529	Marionette	INFO	Listening on port 52822
1621884491689	Marionette	WARN	TLS certificate errors will be ignored for this session
JavaScript warning: http://ajax.googleapis.com/ajax/libs/jquery/1.10.2/jquery.min.js, line 2: Using //@ to indicate sourceMappingURL pragmas is deprecated. Use //# instead
JavaScript warning: http://ajax.googleapis.com/ajax/libs/jquery/1.10.2/jquery.min.js, line 2: Using //@ to indicate sourceMappingURL pragmas is deprecated. Use //# instead
JavaScript warning: http://ajax.googleapis.com/ajax/libs/jquery/1.10.2/jquery.min.js, line 2: Using //@ to indicate sourceMappingURL pragmas is deprecated. Use //# instead
JavaScript warning: http://ajax.googleapis.com/ajax/libs/jquery/1.10.2/jquery.min.js, line 2: Using //@ to indicate sourceMappingURL pragmas is deprecated. Use //# instead
1621884509042	Marionette	INFO	Stopped listening on port 52822

###!!! [Parent][RunMessage] Error: Channel closing: too late to send/recv, messages will be lost

1621885931852	geckodriver	INFO	Listening on 127.0.0.1:53522
1621885933801	mozrunner::runner	INFO	Running command: "/Applications/Firefox.app/Contents/MacOS/firefox-bin" "--marionette" "-foreground" "-no-remote" "-profile" "/var/folders/j4/0lyj_5015w9f6sk758wq0kgc0000gn/T/rust_mozprofileFQtU5y"
1621885939081	Marionette	INFO	Marionette enabled
console.warn: SearchSettings: "get: No settings file exists, new profile?" (new Error("", "(unknown module)"))
1621885944633	Marionette	INFO	Listening on port 53529
1621885944805	Marionette	WARN	TLS certificate errors will be ignored for this session
JavaScript warning: http://ajax.googleapis.com/ajax/libs/jquery/1.10.2/jquery.min.js, line 2: Using //@ to indicate sourceMappingURL pragmas is deprecated. Use //# instead
JavaScript warning: http://ajax.googleapis.com/ajax/libs/jquery/1.10.2/jquery.min.js, line 2: Using //@ to indicate sourceMappingURL pragmas is deprecated. Use //# instead
JavaScript warning: http://ajax.googleapis.com/ajax/libs/jquery/1.10.2/jquery.min.js, line 2: Using //@ to indicate sourceMappingURL pragmas is deprecated. Use //# instead
JavaScript warning: http://ajax.googleapis.com/ajax/libs/jquery/1.10.2/jquery.min.js, line 2: Using //@ to indicate sourceMappingURL pragmas is deprecated. Use //# instead
1621885962186	Marionette	INFO	Stopped listening on port 53529

###!!! [Parent][RunMessage] Error: Channel closing: too late to send/recv, messages will be lost

1621886069944	geckodriver	INFO	Listening on 127.0.0.1:53701
1621886072019	mozrunner::runner	INFO	Running command: "/Applications/Firefox.app/Contents/MacOS/firefox-bin" "--marionette" "-foreground" "-no-remote" "-profile" "/var/folders/j4/0lyj_5015w9f6sk758wq0kgc0000gn/T/rust_mozprofile1kReJ2"
1621886172358	geckodriver	INFO	Listening on 127.0.0.1:53740
1621886174441	mozrunner::runner	INFO	Running command: "/Applications/Firefox.app/Contents/MacOS/firefox-bin" "--marionette" "-foreground" "-no-remote" "-profile" "/var/folders/j4/0lyj_5015w9f6sk758wq0kgc0000gn/T/rust_mozprofiledPmNUp"
1621886176523	Marionette	INFO	Marionette enabled
console.warn: SearchSettings: "get: No settings file exists, new profile?" (new Error("", "(unknown module)"))
1621886182183	Marionette	INFO	Listening on port 53750
1621886182264	Marionette	WARN	TLS certificate errors will be ignored for this session
JavaScript warning: http://ajax.googleapis.com/ajax/libs/jquery/1.10.2/jquery.min.js, line 2: Using //@ to indicate sourceMappingURL pragmas is deprecated. Use //# instead
JavaScript warning: http://ajax.googleapis.com/ajax/libs/jquery/1.10.2/jquery.min.js, line 2: Using //@ to indicate sourceMappingURL pragmas is deprecated. Use //# instead
JavaScript warning: http://ajax.googleapis.com/ajax/libs/jquery/1.10.2/jquery.min.js, line 2: Using //@ to indicate sourceMappingURL pragmas is deprecated. Use //# instead
JavaScript warning: http://ajax.googleapis.com/ajax/libs/jquery/1.10.2/jquery.min.js, line 2: Using //@ to indicate sourceMappingURL pragmas is deprecated. Use //# instead
1621886199010	Marionette	INFO	Stopped listening on port 53750

###!!! [Parent][RunMessage] Error: Channel closing: too late to send/recv, messages will be lost

1621887052369	geckodriver	INFO	Listening on 127.0.0.1:53981
1621887053498	mozrunner::runner	INFO	Running command: "/Applications/Firefox.app/Contents/MacOS/firefox-bin" "--marionette" "-foreground" "-no-remote" "-profile" "/var/folders/j4/0lyj_5015w9f6sk758wq0kgc0000gn/T/rust_mozprofile7BzyZn"
1621887058170	Marionette	INFO	Marionette enabled
console.warn: SearchSettings: "get: No settings file exists, new profile?" (new Error("", "(unknown module)"))
1621887065215	Marionette	INFO	Listening on port 53986
1621887065303	Marionette	WARN	TLS certificate errors will be ignored for this session
JavaScript warning: http://ajax.googleapis.com/ajax/libs/jquery/1.10.2/jquery.min.js, line 2: Using //@ to indicate sourceMappingURL pragmas is deprecated. Use //# instead
JavaScript warning: http://ajax.googleapis.com/ajax/libs/jquery/1.10.2/jquery.min.js, line 2: Using //@ to indicate sourceMappingURL pragmas is deprecated. Use //# instead
JavaScript warning: http://ajax.googleapis.com/ajax/libs/jquery/1.10.2/jquery.min.js, line 2: Using //@ to indicate sourceMappingURL pragmas is deprecated. Use //# instead
JavaScript warning: http://ajax.googleapis.com/ajax/libs/jquery/1.10.2/jquery.min.js, line 2: Using //@ to indicate sourceMappingURL pragmas is deprecated. Use //# instead
1621887081587	Marionette	INFO	Stopped listening on port 53986

###!!! [Parent][RunMessage] Error: Channel closing: too late to send/recv, messages will be lost


###!!! [Parent][RunMessage] Error: Channel closing: too late to send/recv, messages will be lost

1621888112884	geckodriver	INFO	Listening on 127.0.0.1:54263
1621888113990	mozrunner::runner	INFO	Running command: "/Applications/Firefox.app/Contents/MacOS/firefox-bin" "--marionette" "-foreground" "-no-remote" "-profile" "/var/folders/j4/0lyj_5015w9f6sk758wq0kgc0000gn/T/rust_mozprofileChmBps"
1621888204549	geckodriver	INFO	Listening on 127.0.0.1:54341
1621888206910	mozrunner::runner	INFO	Running command: "/Applications/Firefox.app/Contents/MacOS/firefox-bin" "--marionette" "-foreground" "-no-remote" "-profile" "/var/folders/j4/0lyj_5015w9f6sk758wq0kgc0000gn/T/rust_mozprofileGpCSH9"
1621888209719	Marionette	INFO	Marionette enabled
1621888244032	geckodriver	INFO	Listening on 127.0.0.1:54397
1621888311710	geckodriver	INFO	Listening on 127.0.0.1:54415
1621888313777	mozrunner::runner	INFO	Running command: "/Applications/Firefox.app/Contents/MacOS/firefox-bin" "--marionette" "-foreground" "-no-remote" "-profile" "/var/folders/j4/0lyj_5015w9f6sk758wq0kgc0000gn/T/rust_mozprofileM1wDzd"
1621888366064	geckodriver	INFO	Listening on 127.0.0.1:54437
1621888368055	mozrunner::runner	INFO	Running command: "/Applications/Firefox.app/Contents/MacOS/firefox-bin" "--marionette" "-foreground" "-no-remote" "-profile" "/var/folders/j4/0lyj_5015w9f6sk758wq0kgc0000gn/T/rust_mozprofileFUDV7x"
1621888440684	geckodriver	INFO	Listening on 127.0.0.1:54519
1621888442770	mozrunner::runner	INFO	Running command: "/Applications/Firefox.app/Contents/MacOS/firefox-bin" "--marionette" "-foreground" "-no-remote" "-profile" "/var/folders/j4/0lyj_5015w9f6sk758wq0kgc0000gn/T/rust_mozprofilelCgeBZ"
1621888444215	Marionette	INFO	Marionette enabled
Exiting due to channel error.
Exiting due to channel error.
1621888480382	geckodriver	INFO	Listening on 127.0.0.1:54584
1621888482486	mozrunner::runner	INFO	Running command: "/Applications/Firefox.app/Contents/MacOS/firefox-bin" "--marionette" "-foreground" "-no-remote" "-profile" "/var/folders/j4/0lyj_5015w9f6sk758wq0kgc0000gn/T/rust_mozprofileZe8pXc"
1621937925072	geckodriver	INFO	Listening on 127.0.0.1:62775
1621937929649	mozrunner::runner	INFO	Running command: "/Applications/Firefox.app/Contents/MacOS/firefox-bin" "--marionette" "-foreground" "-no-remote" "-profile" "/var/folders/j4/0lyj_5015w9f6sk758wq0kgc0000gn/T/rust_mozprofileVgXpCd"
1621938320050	geckodriver	INFO	Listening on 127.0.0.1:62835
1621938384670	geckodriver	INFO	Listening on 127.0.0.1:62850
1621938387062	mozrunner::runner	INFO	Running command: "/Applications/Firefox.app/Contents/MacOS/firefox-bin" "--marionette" "-foreground" "-no-remote" "-profile" "/var/folders/j4/0lyj_5015w9f6sk758wq0kgc0000gn/T/rust_mozprofileLczOqy"
1622056810637	geckodriver	INFO	Listening on 127.0.0.1:62876
1622056812641	mozrunner::runner	INFO	Running command: "/Applications/Firefox.app/Contents/MacOS/firefox-bin" "--marionette" "-foreground" "-no-remote" "-profile" "/var/folders/j4/0lyj_5015w9f6sk758wq0kgc0000gn/T/rust_mozprofile1gxxG0"
1622056876399	geckodriver	INFO	Listening on 127.0.0.1:62915
1622056878946	mozrunner::runner	INFO	Running command: "/Applications/Firefox.app/Contents/MacOS/firefox-bin" "--marionette" "-foreground" "-no-remote" "-profile" "/var/folders/j4/0lyj_5015w9f6sk758wq0kgc0000gn/T/rust_mozprofilekrUMUh"
1622056886059	Marionette	INFO	Marionette enabled
console.error: Region.jsm: "Error fetching region" (new TypeError("NetworkError when attempting to fetch resource.", ""))
console.error: Region.jsm: "Failed to fetch region" (new Error("NO_RESULT", "resource://gre/modules/Region.jsm", 419))
console.warn: SearchSettings: "get: No settings file exists, new profile?" (new Error("", "(unknown module)"))
1622056902382	Marionette	INFO	Listening on port 62922
1622056902650	Marionette	WARN	TLS certificate errors will be ignored for this session
JavaScript error: http://127.0.0.1:8000/static/help/js/template.js, line 1: ReferenceError: jQuery is not defined
JavaScript error: http://127.0.0.1:8000/static/help/js/template.js, line 1: ReferenceError: jQuery is not defined
JavaScript error: http://127.0.0.1:8000/static/help/js/template.js, line 1: ReferenceError: jQuery is not defined
JavaScript error: http://127.0.0.1:8000/static/help/js/template.js, line 1: ReferenceError: jQuery is not defined
1622056921512	Marionette	INFO	Stopped listening on port 62922
1622057397738	geckodriver	INFO	Listening on 127.0.0.1:63153
1622057399731	mozrunner::runner	INFO	Running command: "/Applications/Firefox.app/Contents/MacOS/firefox-bin" "--marionette" "-foreground" "-no-remote" "-profile" "/var/folders/j4/0lyj_5015w9f6sk758wq0kgc0000gn/T/rust_mozprofilegWmG31"
1622057405188	Marionette	INFO	Marionette enabled
console.warn: SearchSettings: "get: No settings file exists, new profile?" (new Error("", "(unknown module)"))
console.error: Region.jsm: "Error fetching region" (new TypeError("NetworkError when attempting to fetch resource.", ""))
console.error: Region.jsm: "Failed to fetch region" (new Error("NO_RESULT", "resource://gre/modules/Region.jsm", 419))
1622057413809	Marionette	INFO	Listening on port 63160
1622057413904	Marionette	WARN	TLS certificate errors will be ignored for this session
JavaScript error: http://127.0.0.1:8000/static/help/js/template.js, line 1: ReferenceError: jQuery is not defined
JavaScript error: http://127.0.0.1:8000/static/help/js/template.js, line 1: ReferenceError: jQuery is not defined
JavaScript error: http://127.0.0.1:8000/static/help/js/template.js, line 1: ReferenceError: jQuery is not defined
JavaScript error: http://127.0.0.1:8000/static/help/js/template.js, line 1: ReferenceError: jQuery is not defined
1622057430078	Marionette	INFO	Stopped listening on port 63160
1622057507408	geckodriver	INFO	Listening on 127.0.0.1:63299
1622057509540	mozrunner::runner	INFO	Running command: "/Applications/Firefox.app/Contents/MacOS/firefox-bin" "--marionette" "-foreground" "-no-remote" "-profile" "/var/folders/j4/0lyj_5015w9f6sk758wq0kgc0000gn/T/rust_mozprofileOUPg2u"
1622057643462	geckodriver	INFO	Listening on 127.0.0.1:63311
1622057645447	mozrunner::runner	INFO	Running command: "/Applications/Firefox.app/Contents/MacOS/firefox-bin" "--marionette" "-foreground" "-no-remote" "-profile" "/var/folders/j4/0lyj_5015w9f6sk758wq0kgc0000gn/T/rust_mozprofileCA1yUq"
1622057651869	Marionette	INFO	Marionette enabled
1622057714791	geckodriver	INFO	Listening on 127.0.0.1:63383
1622057716819	mozrunner::runner	INFO	Running command: "/Applications/Firefox.app/Contents/MacOS/firefox-bin" "--marionette" "-foreground" "-no-remote" "-profile" "/var/folders/j4/0lyj_5015w9f6sk758wq0kgc0000gn/T/rust_mozprofileBqz0GN"
1622057837340	geckodriver	INFO	Listening on 127.0.0.1:63400
1622057839722	mozrunner::runner	INFO	Running command: "/Applications/Firefox.app/Contents/MacOS/firefox-bin" "--marionette" "-foreground" "-no-remote" "-profile" "/var/folders/j4/0lyj_5015w9f6sk758wq0kgc0000gn/T/rust_mozprofilenUp2Kg"
1622057845395	Marionette	INFO	Marionette enabled
1622057913176	geckodriver	INFO	Listening on 127.0.0.1:63485
1622057915295	mozrunner::runner	INFO	Running command: "/Applications/Firefox.app/Contents/MacOS/firefox-bin" "--marionette" "-foreground" "-no-remote" "-profile" "/var/folders/j4/0lyj_5015w9f6sk758wq0kgc0000gn/T/rust_mozprofilev0G3V0"
1622058835800	geckodriver	INFO	Listening on 127.0.0.1:64365
1622058838209	mozrunner::runner	INFO	Running command: "/Applications/Firefox.app/Contents/MacOS/firefox-bin" "--marionette" "-foreground" "-no-remote" "-profile" "/var/folders/j4/0lyj_5015w9f6sk758wq0kgc0000gn/T/rust_mozprofile0nNRIx"
1622058844639	Marionette	INFO	Marionette enabled
1622058912627	geckodriver	INFO	Listening on 127.0.0.1:64464
1622058914755	mozrunner::runner	INFO	Running command: "/Applications/Firefox.app/Contents/MacOS/firefox-bin" "--marionette" "-foreground" "-no-remote" "-profile" "/var/folders/j4/0lyj_5015w9f6sk758wq0kgc0000gn/T/rust_mozprofileLyXAX0"
1622059313245	geckodriver	INFO	Listening on 127.0.0.1:64564
1622059497700	geckodriver	INFO	Listening on 127.0.0.1:64615
1622059499813	mozrunner::runner	INFO	Running command: "/Applications/Firefox.app/Contents/MacOS/firefox-bin" "--marionette" "-foreground" "-no-remote" "-profile" "/var/folders/j4/0lyj_5015w9f6sk758wq0kgc0000gn/T/rust_mozprofileGEgH0V"
1622059651928	geckodriver	INFO	Listening on 127.0.0.1:64706
1622059653146	mozrunner::runner	INFO	Running command: "/Applications/Firefox.app/Contents/MacOS/firefox-bin" "--marionette" "-foreground" "-no-remote" "-profile" "/var/folders/j4/0lyj_5015w9f6sk758wq0kgc0000gn/T/rust_mozprofileu0QQzo"
1622059854981	geckodriver	INFO	Listening on 127.0.0.1:64756
1622059896180	geckodriver	INFO	Listening on 127.0.0.1:64774
1622060106319	geckodriver	INFO	Listening on 127.0.0.1:64824
1622060227258	geckodriver	INFO	Listening on 127.0.0.1:64844
1622060304097	geckodriver	INFO	Listening on 127.0.0.1:64872
1622060340801	geckodriver	INFO	Listening on 127.0.0.1:64880
1622060343115	mozrunner::runner	INFO	Running command: "/Applications/Firefox.app/Contents/MacOS/firefox-bin" "--marionette" "-foreground" "-no-remote" "-profile" "/var/folders/j4/0lyj_5015w9f6sk758wq0kgc0000gn/T/rust_mozprofileMWiey0"
1622060348185	Marionette	INFO	Marionette enabled
console.warn: SearchSettings: "get: No settings file exists, new profile?" (new Error("", "(unknown module)"))
1622060357377	Marionette	INFO	Listening on port 64890
1622060357512	Marionette	WARN	TLS certificate errors will be ignored for this session
JavaScript warning: http://ajax.googleapis.com/ajax/libs/jquery/1.10.2/jquery.min.js, line 2: Using //@ to indicate sourceMappingURL pragmas is deprecated. Use //# instead
JavaScript warning: http://ajax.googleapis.com/ajax/libs/jquery/1.10.2/jquery.min.js, line 2: Using //@ to indicate sourceMappingURL pragmas is deprecated. Use //# instead
JavaScript warning: http://ajax.googleapis.com/ajax/libs/jquery/1.10.2/jquery.min.js, line 2: Using //@ to indicate sourceMappingURL pragmas is deprecated. Use //# instead
JavaScript warning: http://ajax.googleapis.com/ajax/libs/jquery/1.10.2/jquery.min.js, line 2: Using //@ to indicate sourceMappingURL pragmas is deprecated. Use //# instead
1622060374677	Marionette	INFO	Stopped listening on port 64890

###!!! [Parent][RunMessage] Error: Channel closing: too late to send/recv, messages will be lost

1622060521833	geckodriver	INFO	Listening on 127.0.0.1:65101
1622060523306	mozrunner::runner	INFO	Running command: "/Applications/Firefox.app/Contents/MacOS/firefox-bin" "--marionette" "-foreground" "-no-remote" "-profile" "/var/folders/j4/0lyj_5015w9f6sk758wq0kgc0000gn/T/rust_mozprofileENSfB9"
1622060583321	geckodriver	INFO	Listening on 127.0.0.1:65170
1622060585476	mozrunner::runner	INFO	Running command: "/Applications/Firefox.app/Contents/MacOS/firefox-bin" "--marionette" "-foreground" "-no-remote" "-profile" "/var/folders/j4/0lyj_5015w9f6sk758wq0kgc0000gn/T/rust_mozprofileODsm2B"
1622060669787	geckodriver	INFO	Listening on 127.0.0.1:65196
1622060671912	mozrunner::runner	INFO	Running command: "/Applications/Firefox.app/Contents/MacOS/firefox-bin" "--marionette" "-foreground" "-no-remote" "-profile" "/var/folders/j4/0lyj_5015w9f6sk758wq0kgc0000gn/T/rust_mozprofilea6Bns0"
1622060710536	geckodriver	INFO	Listening on 127.0.0.1:65239
1622060757741	geckodriver	INFO	Listening on 127.0.0.1:65262
1622060759984	mozrunner::runner	INFO	Running command: "/Applications/Firefox.app/Contents/MacOS/firefox-bin" "--marionette" "-foreground" "-no-remote" "-profile" "/var/folders/j4/0lyj_5015w9f6sk758wq0kgc0000gn/T/rust_mozprofile8frtmL"
1622060802465	geckodriver	INFO	Listening on 127.0.0.1:65349
1622060857423	geckodriver	INFO	Listening on 127.0.0.1:65359
1622060887998	geckodriver	INFO	Listening on 127.0.0.1:65367
1622060890144	mozrunner::runner	INFO	Running command: "/Applications/Firefox.app/Contents/MacOS/firefox-bin" "--marionette" "-foreground" "-no-remote" "-profile" "/var/folders/j4/0lyj_5015w9f6sk758wq0kgc0000gn/T/rust_mozprofileEZ5kOi"
1622060902183	Marionette	INFO	Marionette enabled
console.warn: SearchSettings: "get: No settings file exists, new profile?" (new Error("", "(unknown module)"))
1622060914384	Marionette	INFO	Listening on port 65374
1622060914799	Marionette	WARN	TLS certificate errors will be ignored for this session
JavaScript warning: http://ajax.googleapis.com/ajax/libs/jquery/1.10.2/jquery.min.js, line 2: Using //@ to indicate sourceMappingURL pragmas is deprecated. Use //# instead
JavaScript warning: http://ajax.googleapis.com/ajax/libs/jquery/1.10.2/jquery.min.js, line 2: Using //@ to indicate sourceMappingURL pragmas is deprecated. Use //# instead
JavaScript warning: http://ajax.googleapis.com/ajax/libs/jquery/1.10.2/jquery.min.js, line 2: Using //@ to indicate sourceMappingURL pragmas is deprecated. Use //# instead
JavaScript warning: http://ajax.googleapis.com/ajax/libs/jquery/1.10.2/jquery.min.js, line 2: Using //@ to indicate sourceMappingURL pragmas is deprecated. Use //# instead
1622060932833	Marionette	INFO	Stopped listening on port 65374

###!!! [Parent][RunMessage] Error: Channel closing: too late to send/recv, messages will be lost

1622061213535	geckodriver	INFO	Listening on 127.0.0.1:49332
1622061321880	geckodriver	INFO	Listening on 127.0.0.1:49357
1622061323944	mozrunner::runner	INFO	Running command: "/Applications/Firefox.app/Contents/MacOS/firefox-bin" "--marionette" "-foreground" "-no-remote" "-profile" "/var/folders/j4/0lyj_5015w9f6sk758wq0kgc0000gn/T/rust_mozprofilefPZ4nF"
1622061537123	geckodriver	INFO	Listening on 127.0.0.1:49414
1622061539323	mozrunner::runner	INFO	Running command: "/Applications/Firefox.app/Contents/MacOS/firefox-bin" "--marionette" "-foreground" "-no-remote" "-profile" "/var/folders/j4/0lyj_5015w9f6sk758wq0kgc0000gn/T/rust_mozprofileMOKyrv"
1622061544732	Marionette	INFO	Marionette enabled
Exiting due to channel error.
1622061961185	geckodriver	INFO	Listening on 127.0.0.1:49583
1622061963297	mozrunner::runner	INFO	Running command: "/Applications/Firefox.app/Contents/MacOS/firefox-bin" "--marionette" "-foreground" "-no-remote" "-profile" "/var/folders/j4/0lyj_5015w9f6sk758wq0kgc0000gn/T/rust_mozprofilet8GnkF"
1622061968607	Marionette	INFO	Marionette enabled
console.warn: SearchSettings: "get: No settings file exists, new profile?" (new Error("", "(unknown module)"))
1622061977738	Marionette	INFO	Listening on port 49591
1622061978002	Marionette	WARN	TLS certificate errors will be ignored for this session
JavaScript warning: http://ajax.googleapis.com/ajax/libs/jquery/1.10.2/jquery.min.js, line 2: Using //@ to indicate sourceMappingURL pragmas is deprecated. Use //# instead
JavaScript warning: http://ajax.googleapis.com/ajax/libs/jquery/1.10.2/jquery.min.js, line 2: Using //@ to indicate sourceMappingURL pragmas is deprecated. Use //# instead
JavaScript warning: http://ajax.googleapis.com/ajax/libs/jquery/1.10.2/jquery.min.js, line 2: Using //@ to indicate sourceMappingURL pragmas is deprecated. Use //# instead
JavaScript warning: http://ajax.googleapis.com/ajax/libs/jquery/1.10.2/jquery.min.js, line 2: Using //@ to indicate sourceMappingURL pragmas is deprecated. Use //# instead
1622061995382	Marionette	INFO	Stopped listening on port 49591
1622065447979	geckodriver	INFO	Listening on 127.0.0.1:51943
1622065450337	mozrunner::runner	INFO	Running command: "/Applications/Firefox.app/Contents/MacOS/firefox-bin" "--marionette" "-foreground" "-no-remote" "-profile" "/var/folders/j4/0lyj_5015w9f6sk758wq0kgc0000gn/T/rust_mozprofileYzLRMJ"
1622065737839	geckodriver	INFO	Listening on 127.0.0.1:52010
1622066164662	geckodriver	INFO	Listening on 127.0.0.1:52081
1622066269761	geckodriver	INFO	Listening on 127.0.0.1:52104
1622067502706	geckodriver	INFO	Listening on 127.0.0.1:52193
1622067504774	mozrunner::runner	INFO	Running command: "/Applications/Firefox.app/Contents/MacOS/firefox-bin" "--marionette" "-foreground" "-no-remote" "-profile" "/var/folders/j4/0lyj_5015w9f6sk758wq0kgc0000gn/T/rust_mozprofileFxhE3j"
1622067512605	Marionette	INFO	Marionette enabled
console.warn: SearchSettings: "get: No settings file exists, new profile?" (new Error("", "(unknown module)"))
1622067536500	Marionette	INFO	Listening on port 52200
1622067536797	Marionette	WARN	TLS certificate errors will be ignored for this session
JavaScript warning: http://ajax.googleapis.com/ajax/libs/jquery/1.10.2/jquery.min.js, line 2: Using //@ to indicate sourceMappingURL pragmas is deprecated. Use //# instead
JavaScript warning: http://ajax.googleapis.com/ajax/libs/jquery/1.10.2/jquery.min.js, line 2: Using //@ to indicate sourceMappingURL pragmas is deprecated. Use //# instead
JavaScript warning: http://ajax.googleapis.com/ajax/libs/jquery/1.10.2/jquery.min.js, line 2: Using //@ to indicate sourceMappingURL pragmas is deprecated. Use //# instead
JavaScript warning: http://ajax.googleapis.com/ajax/libs/jquery/1.10.2/jquery.min.js, line 2: Using //@ to indicate sourceMappingURL pragmas is deprecated. Use //# instead
1622067560311	Marionette	INFO	Stopped listening on port 52200

###!!! [Parent][RunMessage] Error: Channel closing: too late to send/recv, messages will be lost

1622147122249	geckodriver	INFO	Listening on 127.0.0.1:53858
1622147125887	mozrunner::runner	INFO	Running command: "/Applications/Firefox.app/Contents/MacOS/firefox-bin" "--marionette" "-foreground" "-no-remote" "-profile" "/var/folders/j4/0lyj_5015w9f6sk758wq0kgc0000gn/T/rust_mozprofileA5EVOQ"
1622147134248	Marionette	INFO	Marionette enabled
console.warn: SearchSettings: "get: No settings file exists, new profile?" (new Error("", "(unknown module)"))
1622147144865	Marionette	INFO	Listening on port 53865
1622147145057	Marionette	WARN	TLS certificate errors will be ignored for this session
JavaScript warning: http://ajax.googleapis.com/ajax/libs/jquery/1.10.2/jquery.min.js, line 2: Using //@ to indicate sourceMappingURL pragmas is deprecated. Use //# instead
JavaScript warning: http://ajax.googleapis.com/ajax/libs/jquery/1.10.2/jquery.min.js, line 2: Using //@ to indicate sourceMappingURL pragmas is deprecated. Use //# instead
JavaScript warning: http://ajax.googleapis.com/ajax/libs/jquery/1.10.2/jquery.min.js, line 2: Using //@ to indicate sourceMappingURL pragmas is deprecated. Use //# instead
JavaScript warning: http://ajax.googleapis.com/ajax/libs/jquery/1.10.2/jquery.min.js, line 2: Using //@ to indicate sourceMappingURL pragmas is deprecated. Use //# instead
1622147162642	Marionette	INFO	Stopped listening on port 53865

###!!! [Parent][RunMessage] Error: Channel closing: too late to send/recv, messages will be lost

1622147165673	geckodriver	INFO	Listening on 127.0.0.1:54087
1622147168663	mozrunner::runner	INFO	Running command: "/Applications/Firefox.app/Contents/MacOS/firefox-bin" "--marionette" "-foreground" "-no-remote" "-profile" "/var/folders/j4/0lyj_5015w9f6sk758wq0kgc0000gn/T/rust_mozprofilePf9cdY"
1622147176877	Marionette	INFO	Marionette enabled
console.warn: SearchSettings: "get: No settings file exists, new profile?" (new Error("", "(unknown module)"))
1622147184118	Marionette	INFO	Listening on port 54094
1622147184230	Marionette	WARN	TLS certificate errors will be ignored for this session
1622147184359	Marionette	INFO	Stopped listening on port 54094
console.warn: services.settings: main/cfr sync interrupted by shutdown
1622147232833	geckodriver	INFO	Listening on 127.0.0.1:54276
1622147234818	mozrunner::runner	INFO	Running command: "/Applications/Firefox.app/Contents/MacOS/firefox-bin" "--marionette" "-foreground" "-no-remote" "-profile" "/var/folders/j4/0lyj_5015w9f6sk758wq0kgc0000gn/T/rust_mozprofilezmJjMt"
1622147240335	Marionette	INFO	Marionette enabled
console.warn: SearchSettings: "get: No settings file exists, new profile?" (new Error("", "(unknown module)"))
1622147248174	Marionette	INFO	Listening on port 54283
1622147248288	Marionette	WARN	TLS certificate errors will be ignored for this session
JavaScript warning: http://ajax.googleapis.com/ajax/libs/jquery/1.10.2/jquery.min.js, line 2: Using //@ to indicate sourceMappingURL pragmas is deprecated. Use //# instead
JavaScript warning: http://ajax.googleapis.com/ajax/libs/jquery/1.10.2/jquery.min.js, line 2: Using //@ to indicate sourceMappingURL pragmas is deprecated. Use //# instead
JavaScript warning: http://ajax.googleapis.com/ajax/libs/jquery/1.10.2/jquery.min.js, line 2: Using //@ to indicate sourceMappingURL pragmas is deprecated. Use //# instead
JavaScript warning: http://ajax.googleapis.com/ajax/libs/jquery/1.10.2/jquery.min.js, line 2: Using //@ to indicate sourceMappingURL pragmas is deprecated. Use //# instead
1622147265232	Marionette	INFO	Stopped listening on port 54283

###!!! [Parent][RunMessage] Error: Channel closing: too late to send/recv, messages will be lost

1622147266975	geckodriver	INFO	Listening on 127.0.0.1:54460
1622147269368	mozrunner::runner	INFO	Running command: "/Applications/Firefox.app/Contents/MacOS/firefox-bin" "--marionette" "-foreground" "-no-remote" "-profile" "/var/folders/j4/0lyj_5015w9f6sk758wq0kgc0000gn/T/rust_mozprofile0YRjv5"
1622147275016	Marionette	INFO	Marionette enabled
console.warn: SearchSettings: "get: No settings file exists, new profile?" (new Error("", "(unknown module)"))
1622147282711	Marionette	INFO	Listening on port 54467
1622147283002	Marionette	WARN	TLS certificate errors will be ignored for this session
JavaScript warning: http://ajax.googleapis.com/ajax/libs/jquery/1.10.2/jquery.min.js, line 2: Using //@ to indicate sourceMappingURL pragmas is deprecated. Use //# instead
1622147284572	Marionette	INFO	Stopped listening on port 54467
JavaScript error: resource://gre/modules/UrlClassifierListManager.jsm, line 691: TypeError: this.tablesData[table] is undefined
JavaScript error: resource://devtools/client/jsonview/Sniffer.jsm, line 53: NS_ERROR_NOT_AVAILABLE: Component returned failure code: 0x80040111 (NS_ERROR_NOT_AVAILABLE) [nsIChannel.contentType]
1622147373507	geckodriver	INFO	Listening on 127.0.0.1:54654
1622147374763	mozrunner::runner	INFO	Running command: "/Applications/Firefox.app/Contents/MacOS/firefox-bin" "--marionette" "-foreground" "-no-remote" "-profile" "/var/folders/j4/0lyj_5015w9f6sk758wq0kgc0000gn/T/rust_mozprofileoSFa2Z"
1622147380543	Marionette	INFO	Marionette enabled
console.warn: SearchSettings: "get: No settings file exists, new profile?" (new Error("", "(unknown module)"))
1622147391904	Marionette	INFO	Listening on port 54659
1622147392100	Marionette	WARN	TLS certificate errors will be ignored for this session
JavaScript warning: http://ajax.googleapis.com/ajax/libs/jquery/1.10.2/jquery.min.js, line 2: Using //@ to indicate sourceMappingURL pragmas is deprecated. Use //# instead
JavaScript warning: http://ajax.googleapis.com/ajax/libs/jquery/1.10.2/jquery.min.js, line 2: Using //@ to indicate sourceMappingURL pragmas is deprecated. Use //# instead
JavaScript warning: http://ajax.googleapis.com/ajax/libs/jquery/1.10.2/jquery.min.js, line 2: Using //@ to indicate sourceMappingURL pragmas is deprecated. Use //# instead
JavaScript warning: http://ajax.googleapis.com/ajax/libs/jquery/1.10.2/jquery.min.js, line 2: Using //@ to indicate sourceMappingURL pragmas is deprecated. Use //# instead
1622147410259	Marionette	INFO	Stopped listening on port 54659

###!!! [Parent][RunMessage] Error: Channel closing: too late to send/recv, messages will be lost

1622147412112	geckodriver	INFO	Listening on 127.0.0.1:54868
1622147414643	mozrunner::runner	INFO	Running command: "/Applications/Firefox.app/Contents/MacOS/firefox-bin" "--marionette" "-foreground" "-no-remote" "-profile" "/var/folders/j4/0lyj_5015w9f6sk758wq0kgc0000gn/T/rust_mozprofile1eEF1j"
1622147418445	Marionette	INFO	Marionette enabled
console.warn: SearchSettings: "get: No settings file exists, new profile?" (new Error("", "(unknown module)"))
1622147425271	Marionette	INFO	Listening on port 54875
1622147425498	Marionette	WARN	TLS certificate errors will be ignored for this session
JavaScript warning: http://ajax.googleapis.com/ajax/libs/jquery/1.10.2/jquery.min.js, line 2: Using //@ to indicate sourceMappingURL pragmas is deprecated. Use //# instead
JavaScript warning: http://ajax.googleapis.com/ajax/libs/jquery/1.10.2/jquery.min.js, line 2: Using //@ to indicate sourceMappingURL pragmas is deprecated. Use //# instead
1622147433070	Marionette	INFO	Stopped listening on port 54875
1622147900230	geckodriver	INFO	Listening on 127.0.0.1:55104
1622147901719	mozrunner::runner	INFO	Running command: "/Applications/Firefox.app/Contents/MacOS/firefox-bin" "--marionette" "-foreground" "-no-remote" "-profile" "/var/folders/j4/0lyj_5015w9f6sk758wq0kgc0000gn/T/rust_mozprofileYjLsox"
1622147907273	Marionette	INFO	Marionette enabled
console.warn: SearchSettings: "get: No settings file exists, new profile?" (new Error("", "(unknown module)"))
1622147916134	Marionette	INFO	Listening on port 55109
1622147916224	Marionette	WARN	TLS certificate errors will be ignored for this session
JavaScript warning: http://ajax.googleapis.com/ajax/libs/jquery/1.10.2/jquery.min.js, line 2: Using //@ to indicate sourceMappingURL pragmas is deprecated. Use //# instead
1622147922692	Marionette	INFO	Stopped listening on port 55109
1622147926592	geckodriver	INFO	Listening on 127.0.0.1:55285
1622147929874	mozrunner::runner	INFO	Running command: "/Applications/Firefox.app/Contents/MacOS/firefox-bin" "--marionette" "-foreground" "-no-remote" "-profile" "/var/folders/j4/0lyj_5015w9f6sk758wq0kgc0000gn/T/rust_mozprofilei2VLBI"
1622147936929	Marionette	INFO	Marionette enabled
console.warn: SearchSettings: "get: No settings file exists, new profile?" (new Error("", "(unknown module)"))
1622147945408	Marionette	INFO	Listening on port 55292
1622147946397	Marionette	WARN	TLS certificate errors will be ignored for this session
JavaScript warning: http://ajax.googleapis.com/ajax/libs/jquery/1.10.2/jquery.min.js, line 2: Using //@ to indicate sourceMappingURL pragmas is deprecated. Use //# instead
JavaScript warning: http://ajax.googleapis.com/ajax/libs/jquery/1.10.2/jquery.min.js, line 2: Using //@ to indicate sourceMappingURL pragmas is deprecated. Use //# instead
JavaScript warning: http://ajax.googleapis.com/ajax/libs/jquery/1.10.2/jquery.min.js, line 2: Using //@ to indicate sourceMappingURL pragmas is deprecated. Use //# instead
JavaScript warning: http://ajax.googleapis.com/ajax/libs/jquery/1.10.2/jquery.min.js, line 2: Using //@ to indicate sourceMappingURL pragmas is deprecated. Use //# instead
1622147963819	Marionette	INFO	Stopped listening on port 55292

###!!! [Parent][RunMessage] Error: Channel closing: too late to send/recv, messages will be lost

1622147966200	geckodriver	INFO	Listening on 127.0.0.1:55498
1622147968894	mozrunner::runner	INFO	Running command: "/Applications/Firefox.app/Contents/MacOS/firefox-bin" "--marionette" "-foreground" "-no-remote" "-profile" "/var/folders/j4/0lyj_5015w9f6sk758wq0kgc0000gn/T/rust_mozprofileJ6J3JQ"
1622147978797	Marionette	INFO	Marionette enabled
console.warn: SearchSettings: "get: No settings file exists, new profile?" (new Error("", "(unknown module)"))
1622147991561	Marionette	INFO	Listening on port 55505
1622147991896	Marionette	WARN	TLS certificate errors will be ignored for this session
JavaScript warning: http://ajax.googleapis.com/ajax/libs/jquery/1.10.2/jquery.min.js, line 2: Using //@ to indicate sourceMappingURL pragmas is deprecated. Use //# instead
JavaScript warning: http://ajax.googleapis.com/ajax/libs/jquery/1.10.2/jquery.min.js, line 2: Using //@ to indicate sourceMappingURL pragmas is deprecated. Use //# instead
1622148003555	Marionette	INFO	Stopped listening on port 55505
JavaScript warning: http://ajax.googleapis.com/ajax/libs/jquery/1.10.2/jquery.min.js, line 2: Using //@ to indicate sourceMappingURL pragmas is deprecated. Use //# instead

###!!! [Parent][RunMessage] Error: Channel closing: too late to send/recv, messages will be lost

1622148068745	geckodriver	INFO	Listening on 127.0.0.1:55784
1622148070123	mozrunner::runner	INFO	Running command: "/Applications/Firefox.app/Contents/MacOS/firefox-bin" "--marionette" "-foreground" "-no-remote" "-profile" "/var/folders/j4/0lyj_5015w9f6sk758wq0kgc0000gn/T/rust_mozprofileQoQHfm"
1622148077216	Marionette	INFO	Marionette enabled
console.warn: SearchSettings: "get: No settings file exists, new profile?" (new Error("", "(unknown module)"))
1622148086187	Marionette	INFO	Listening on port 55789
1622148086430	Marionette	WARN	TLS certificate errors will be ignored for this session
JavaScript warning: http://ajax.googleapis.com/ajax/libs/jquery/1.10.2/jquery.min.js, line 2: Using //@ to indicate sourceMappingURL pragmas is deprecated. Use //# instead
1622148093547	Marionette	INFO	Stopped listening on port 55789
1622148095745	geckodriver	INFO	Listening on 127.0.0.1:55981
1622148098060	mozrunner::runner	INFO	Running command: "/Applications/Firefox.app/Contents/MacOS/firefox-bin" "--marionette" "-foreground" "-no-remote" "-profile" "/var/folders/j4/0lyj_5015w9f6sk758wq0kgc0000gn/T/rust_mozprofilesimc7w"
1622148105539	Marionette	INFO	Marionette enabled
console.warn: SearchSettings: "get: No settings file exists, new profile?" (new Error("", "(unknown module)"))
1622148112937	Marionette	INFO	Listening on port 55988
1622148113254	Marionette	WARN	TLS certificate errors will be ignored for this session
JavaScript warning: http://ajax.googleapis.com/ajax/libs/jquery/1.10.2/jquery.min.js, line 2: Using //@ to indicate sourceMappingURL pragmas is deprecated. Use //# instead
JavaScript warning: http://ajax.googleapis.com/ajax/libs/jquery/1.10.2/jquery.min.js, line 2: Using //@ to indicate sourceMappingURL pragmas is deprecated. Use //# instead
JavaScript warning: http://ajax.googleapis.com/ajax/libs/jquery/1.10.2/jquery.min.js, line 2: Using //@ to indicate sourceMappingURL pragmas is deprecated. Use //# instead
JavaScript warning: http://ajax.googleapis.com/ajax/libs/jquery/1.10.2/jquery.min.js, line 2: Using //@ to indicate sourceMappingURL pragmas is deprecated. Use //# instead
1622148130810	Marionette	INFO	Stopped listening on port 55988

###!!! [Parent][RunMessage] Error: Channel closing: too late to send/recv, messages will be lost

1622148134414	geckodriver	INFO	Listening on 127.0.0.1:56178
1622148137426	mozrunner::runner	INFO	Running command: "/Applications/Firefox.app/Contents/MacOS/firefox-bin" "--marionette" "-foreground" "-no-remote" "-profile" "/var/folders/j4/0lyj_5015w9f6sk758wq0kgc0000gn/T/rust_mozprofile3PADtG"
1622148142241	Marionette	INFO	Marionette enabled
console.warn: SearchSettings: "get: No settings file exists, new profile?" (new Error("", "(unknown module)"))
1622148150684	Marionette	INFO	Listening on port 56185
1622148150808	Marionette	WARN	TLS certificate errors will be ignored for this session
JavaScript warning: http://ajax.googleapis.com/ajax/libs/jquery/1.10.2/jquery.min.js, line 2: Using //@ to indicate sourceMappingURL pragmas is deprecated. Use //# instead
JavaScript warning: http://ajax.googleapis.com/ajax/libs/jquery/1.10.2/jquery.min.js, line 2: Using //@ to indicate sourceMappingURL pragmas is deprecated. Use //# instead
JavaScript warning: http://ajax.googleapis.com/ajax/libs/jquery/1.10.2/jquery.min.js, line 2: Using //@ to indicate sourceMappingURL pragmas is deprecated. Use //# instead
1622148162592	Marionette	INFO	Stopped listening on port 56185

###!!! [Parent][RunMessage] Error: Channel closing: too late to send/recv, messages will be lost

1622148215808	geckodriver	INFO	Listening on 127.0.0.1:56360
1622148218187	mozrunner::runner	INFO	Running command: "/Applications/Firefox.app/Contents/MacOS/firefox-bin" "--marionette" "-foreground" "-no-remote" "-profile" "/var/folders/j4/0lyj_5015w9f6sk758wq0kgc0000gn/T/rust_mozprofilecgttzw"
1622148225052	Marionette	INFO	Marionette enabled
console.warn: SearchSettings: "get: No settings file exists, new profile?" (new Error("", "(unknown module)"))
1622148233837	Marionette	INFO	Listening on port 56367
1622148234001	Marionette	WARN	TLS certificate errors will be ignored for this session
JavaScript warning: http://ajax.googleapis.com/ajax/libs/jquery/1.10.2/jquery.min.js, line 2: Using //@ to indicate sourceMappingURL pragmas is deprecated. Use //# instead
JavaScript warning: http://ajax.googleapis.com/ajax/libs/jquery/1.10.2/jquery.min.js, line 2: Using //@ to indicate sourceMappingURL pragmas is deprecated. Use //# instead
JavaScript warning: http://ajax.googleapis.com/ajax/libs/jquery/1.10.2/jquery.min.js, line 2: Using //@ to indicate sourceMappingURL pragmas is deprecated. Use //# instead
1622148246576	Marionette	INFO	Stopped listening on port 56367
1622148248314	geckodriver	INFO	Listening on 127.0.0.1:56563
1622148251050	mozrunner::runner	INFO	Running command: "/Applications/Firefox.app/Contents/MacOS/firefox-bin" "--marionette" "-foreground" "-no-remote" "-profile" "/var/folders/j4/0lyj_5015w9f6sk758wq0kgc0000gn/T/rust_mozprofileTNXCWt"
1622148255454	Marionette	INFO	Marionette enabled
console.warn: SearchSettings: "get: No settings file exists, new profile?" (new Error("", "(unknown module)"))
1622148264979	Marionette	INFO	Listening on port 56570
1622148265168	Marionette	WARN	TLS certificate errors will be ignored for this session
JavaScript warning: http://ajax.googleapis.com/ajax/libs/jquery/1.10.2/jquery.min.js, line 2: Using //@ to indicate sourceMappingURL pragmas is deprecated. Use //# instead
JavaScript warning: http://ajax.googleapis.com/ajax/libs/jquery/1.10.2/jquery.min.js, line 2: Using //@ to indicate sourceMappingURL pragmas is deprecated. Use //# instead
JavaScript warning: http://ajax.googleapis.com/ajax/libs/jquery/1.10.2/jquery.min.js, line 2: Using //@ to indicate sourceMappingURL pragmas is deprecated. Use //# instead
JavaScript warning: http://ajax.googleapis.com/ajax/libs/jquery/1.10.2/jquery.min.js, line 2: Using //@ to indicate sourceMappingURL pragmas is deprecated. Use //# instead
1622148282469	Marionette	INFO	Stopped listening on port 56570

###!!! [Parent][RunMessage] Error: Channel closing: too late to send/recv, messages will be lost

1622148284975	geckodriver	INFO	Listening on 127.0.0.1:56748
1622148287609	mozrunner::runner	INFO	Running command: "/Applications/Firefox.app/Contents/MacOS/firefox-bin" "--marionette" "-foreground" "-no-remote" "-profile" "/var/folders/j4/0lyj_5015w9f6sk758wq0kgc0000gn/T/rust_mozprofileFQLN1h"
1622148292946	Marionette	INFO	Marionette enabled
console.warn: SearchSettings: "get: No settings file exists, new profile?" (new Error("", "(unknown module)"))
1622148300344	Marionette	INFO	Listening on port 56755
1622148300528	Marionette	WARN	TLS certificate errors will be ignored for this session
JavaScript warning: http://ajax.googleapis.com/ajax/libs/jquery/1.10.2/jquery.min.js, line 2: Using //@ to indicate sourceMappingURL pragmas is deprecated. Use //# instead
JavaScript warning: http://ajax.googleapis.com/ajax/libs/jquery/1.10.2/jquery.min.js, line 2: Using //@ to indicate sourceMappingURL pragmas is deprecated. Use //# instead
JavaScript warning: http://ajax.googleapis.com/ajax/libs/jquery/1.10.2/jquery.min.js, line 2: Using //@ to indicate sourceMappingURL pragmas is deprecated. Use //# instead
1622148312484	Marionette	INFO	Stopped listening on port 56755

###!!! [Parent][RunMessage] Error: Channel closing: too late to send/recv, messages will be lost

1622148449431	geckodriver	INFO	Listening on 127.0.0.1:56939
1622148452302	mozrunner::runner	INFO	Running command: "/Applications/Firefox.app/Contents/MacOS/firefox-bin" "--marionette" "-foreground" "-no-remote" "-profile" "/var/folders/j4/0lyj_5015w9f6sk758wq0kgc0000gn/T/rust_mozprofileAFi8hK"
1622148752112	geckodriver	INFO	Listening on 127.0.0.1:57034
1622148753853	mozrunner::runner	INFO	Running command: "/Applications/Firefox.app/Contents/MacOS/firefox-bin" "--marionette" "-foreground" "-no-remote" "-profile" "/var/folders/j4/0lyj_5015w9f6sk758wq0kgc0000gn/T/rust_mozprofileFgp8F3"
1622148759747	Marionette	INFO	Marionette enabled
console.warn: SearchSettings: "get: No settings file exists, new profile?" (new Error("", "(unknown module)"))
1622148769695	Marionette	INFO	Listening on port 57039
1622148769893	Marionette	WARN	TLS certificate errors will be ignored for this session
JavaScript warning: http://ajax.googleapis.com/ajax/libs/jquery/1.10.2/jquery.min.js, line 2: Using //@ to indicate sourceMappingURL pragmas is deprecated. Use //# instead
JavaScript warning: http://ajax.googleapis.com/ajax/libs/jquery/1.10.2/jquery.min.js, line 2: Using //@ to indicate sourceMappingURL pragmas is deprecated. Use //# instead
JavaScript warning: http://ajax.googleapis.com/ajax/libs/jquery/1.10.2/jquery.min.js, line 2: Using //@ to indicate sourceMappingURL pragmas is deprecated. Use //# instead
1622148782286	Marionette	INFO	Stopped listening on port 57039

###!!! [Parent][RunMessage] Error: Channel closing: too late to send/recv, messages will be lost

1622148784091	geckodriver	INFO	Listening on 127.0.0.1:57240
1622148786095	mozrunner::runner	INFO	Running command: "/Applications/Firefox.app/Contents/MacOS/firefox-bin" "--marionette" "-foreground" "-no-remote" "-profile" "/var/folders/j4/0lyj_5015w9f6sk758wq0kgc0000gn/T/rust_mozprofilezLw1QJ"
1622148790579	Marionette	INFO	Marionette enabled
console.warn: SearchSettings: "get: No settings file exists, new profile?" (new Error("", "(unknown module)"))
1622148799395	Marionette	INFO	Listening on port 57247
1622148799510	Marionette	WARN	TLS certificate errors will be ignored for this session
JavaScript warning: http://ajax.googleapis.com/ajax/libs/jquery/1.10.2/jquery.min.js, line 2: Using //@ to indicate sourceMappingURL pragmas is deprecated. Use //# instead
JavaScript warning: http://ajax.googleapis.com/ajax/libs/jquery/1.10.2/jquery.min.js, line 2: Using //@ to indicate sourceMappingURL pragmas is deprecated. Use //# instead
JavaScript warning: http://ajax.googleapis.com/ajax/libs/jquery/1.10.2/jquery.min.js, line 2: Using //@ to indicate sourceMappingURL pragmas is deprecated. Use //# instead
JavaScript warning: http://ajax.googleapis.com/ajax/libs/jquery/1.10.2/jquery.min.js, line 2: Using //@ to indicate sourceMappingURL pragmas is deprecated. Use //# instead
1622148815899	Marionette	INFO	Stopped listening on port 57247

###!!! [Parent][RunMessage] Error: Channel closing: too late to send/recv, messages will be lost

1622148817847	geckodriver	INFO	Listening on 127.0.0.1:57421
1622148819841	mozrunner::runner	INFO	Running command: "/Applications/Firefox.app/Contents/MacOS/firefox-bin" "--marionette" "-foreground" "-no-remote" "-profile" "/var/folders/j4/0lyj_5015w9f6sk758wq0kgc0000gn/T/rust_mozprofilem1r7ct"
1622148825804	Marionette	INFO	Marionette enabled
console.warn: SearchSettings: "get: No settings file exists, new profile?" (new Error("", "(unknown module)"))
1622148832989	Marionette	INFO	Listening on port 57428
1622148833105	Marionette	WARN	TLS certificate errors will be ignored for this session
JavaScript warning: http://ajax.googleapis.com/ajax/libs/jquery/1.10.2/jquery.min.js, line 2: Using //@ to indicate sourceMappingURL pragmas is deprecated. Use //# instead
JavaScript warning: http://ajax.googleapis.com/ajax/libs/jquery/1.10.2/jquery.min.js, line 2: Using //@ to indicate sourceMappingURL pragmas is deprecated. Use //# instead
JavaScript warning: http://ajax.googleapis.com/ajax/libs/jquery/1.10.2/jquery.min.js, line 2: Using //@ to indicate sourceMappingURL pragmas is deprecated. Use //# instead
1622148844676	Marionette	INFO	Stopped listening on port 57428

###!!! [Parent][RunMessage] Error: Channel closing: too late to send/recv, messages will be lost

1622578448553	geckodriver	INFO	Listening on 127.0.0.1:61990
1622578451537	mozrunner::runner	INFO	Running command: "/Applications/Firefox.app/Contents/MacOS/firefox-bin" "--marionette" "-foreground" "-no-remote" "-profile" "/var/folders/j4/0lyj_5015w9f6sk758wq0kgc0000gn/T/rust_mozprofilec1kVj8"
1622578470053	Marionette	INFO	Marionette enabled
Exiting due to channel error.
Exiting due to channel error.
1622578519584	geckodriver	INFO	Listening on 127.0.0.1:62571
1622578522087	mozrunner::runner	INFO	Running command: "/Applications/Firefox.app/Contents/MacOS/firefox-bin" "--marionette" "-foreground" "-no-remote" "-profile" "/var/folders/j4/0lyj_5015w9f6sk758wq0kgc0000gn/T/rust_mozprofileYs2u4N"
1622578530647	Marionette	INFO	Marionette enabled
console.warn: SearchSettings: "get: No settings file exists, new profile?" (new Error("", "(unknown module)"))
*** UTM:SVC TimerManager:registerTimer called after profile-before-change notification. Ignoring timer registration for id: region-update-timer
JavaScript error: resource://gre/modules/DeferredTask.jsm, line 215: Error: Unable to arm timer, the object has been finalized.
console.error: "Could not load engine google@search.mozilla.org: Error: Attempt to use XPI database when it is not initialized"
console.error: "Could not load engine wikipedia@search.mozilla.org: TypeError: AddonManagerInternal._getProviderByName(...) is undefined"
console.error: "Could not load engine bing@search.mozilla.org: TypeError: AddonManagerInternal._getProviderByName(...) is undefined"
console.error: "Could not load engine amazon@search.mozilla.org: TypeError: AddonManagerInternal._getProviderByName(...) is undefined"
console.error: "Could not load engine ddg@search.mozilla.org: TypeError: AddonManagerInternal._getProviderByName(...) is undefined"
console.error: "Could not load engine ebay@search.mozilla.org: TypeError: AddonManagerInternal._getProviderByName(...) is undefined"
console.error: "Could not load engine qwant@search.mozilla.org: TypeError: AddonManagerInternal._getProviderByName(...) is undefined"
console.warn: SearchService: "_init: abandoning init due to shutting down"
JavaScript error: resource://gre/modules/AsyncShutdown.jsm, line 575: uncaught exception: 2147500036
JavaScript error: resource://gre/modules/AsyncShutdown.jsm, line 575: uncaught exception: Object
JavaScript error: resource://gre/modules/osfile/osfile_async_front.jsm, line 432: Error: OS.File has been shut down. Rejecting post to DirectoryIterator_prototype_close
JavaScript error: resource:///modules/sessionstore/SessionStore.jsm, line 5073: NS_ERROR_UNEXPECTED: Component returned failure code: 0x8000ffff (NS_ERROR_UNEXPECTED) [nsIWindowMediator.getEnumerator]
1622578572445	geckodriver	INFO	Listening on 127.0.0.1:63013
1622578575970	mozrunner::runner	INFO	Running command: "/Applications/Firefox.app/Contents/MacOS/firefox-bin" "--marionette" "-foreground" "-no-remote" "-profile" "/var/folders/j4/0lyj_5015w9f6sk758wq0kgc0000gn/T/rust_mozprofileZobVbz"
1622578588566	Marionette	INFO	Marionette enabled
console.warn: SearchSettings: "get: No settings file exists, new profile?" (new Error("", "(unknown module)"))
console.error: (new Error("Connection closed before committing the transaction.", "resource://gre/modules/Sqlite.jsm", 687))
JavaScript error: resource://gre/modules/DeferredTask.jsm, line 215: Error: Unable to arm timer, the object has been finalized.
JavaScript error: resource://gre/modules/DeferredTask.jsm, line 215: Error: Unable to arm timer, the object has been finalized.
JavaScript error: resource://gre/modules/DeferredTask.jsm, line 215: Error: Unable to arm timer, the object has been finalized.
JavaScript error: resource://gre/modules/DeferredTask.jsm, line 215: Error: Unable to arm timer, the object has been finalized.
JavaScript error: resource://gre/modules/DeferredTask.jsm, line 215: Error: Unable to arm timer, the object has been finalized.
console.error: "Could not load engine ddg@search.mozilla.org: TypeError: AddonManagerInternal._getProviderByName(...) is undefined"
console.error: "Could not load engine ebay@search.mozilla.org: TypeError: AddonManagerInternal._getProviderByName(...) is undefined"
console.error: "Could not load engine qwant@search.mozilla.org: TypeError: AddonManagerInternal._getProviderByName(...) is undefined"
console.warn: SearchService: "_init: abandoning init due to shutting down"
JavaScript error: resource://gre/modules/AsyncShutdown.jsm, line 575: uncaught exception: 2147500036
JavaScript error: resource://gre/modules/AsyncShutdown.jsm, line 575: uncaught exception: 2147500036
JavaScript error: resource://gre/modules/AsyncShutdown.jsm, line 575: uncaught exception: 2147500036
JavaScript error: resource://gre/modules/AsyncShutdown.jsm, line 575: uncaught exception: 2147500036

###!!! [Parent][RunMessage] Error: Channel closing: too late to send/recv, messages will be lost

